<?xml version="1.0" encoding="UTF-8"?>
<!-- Generated by org.testng.reporters.JUnitReportReporter -->
<testsuite hostname="Android" name="LoginOnGmailTest" tests="1" failures="0" timestamp="18 Jun 2015 07:43:04 GMT" time="25.612" errors="0">
  <testcase name="testing" time="25.612" classname="LoginOnGmailTest"/>
</testsuite> <!-- LoginOnGmailTest -->
