<?xml version="1.0" encoding="UTF-8"?>
<!-- Generated by org.testng.reporters.JUnitReportReporter -->
<testsuite hostname="Android" name="CreatFolderInGoogleDriveTest" tests="1" failures="0" timestamp="18 Jun 2015 07:43:04 GMT" time="42.034" errors="0">
  <testcase name="testing" time="42.034" classname="CreatFolderInGoogleDriveTest"/>
</testsuite> <!-- CreatFolderInGoogleDriveTest -->
